MPASM 5.63                          MAIN.ASM   10-20-2015  0:20:01         PAGE  1


LOC  OBJECT CODE     LINE SOURCE TEXT
  VALUE

                      00001 ; PIC16F877A Configuration Bit Settings
                      00002 
                      00003 ; ASM source line config statements
                      00004 
                      00005 #include "p16F877A.inc"
                      00001         LIST
                      00002 
                      00003 ;==========================================================================
                      00004 ; Build date : Aug 13 2015
                      00005 ;  MPASM PIC16F877A processor include
                      00006 ; 
                      00007 ;  (c) Copyright 1999-2015 Microchip Technology, All rights reserved
                      00008 ;==========================================================================
                      00009 
                      00567         LIST
                      00006 
                      00007 ; CONFIG
                      00008 ; __config 0xFF7A
2007   3F72           00009  __CONFIG _FOSC_HS & _WDTE_OFF & _PWRTE_ON & _BOREN_ON & _LVP_OFF & _CPD_OFF & _WRT_OFF & _CP_OFF
                      00010 
                      00011     ;Variables Definition
                      00012     cblock 0x20
  00000020            00013         counter         ;0x20 - Master Counter (From 0 to 255)
  00000021            00014         counter1        ;0x21 - Most significant counter (hundreds)
  00000022            00015         counter2        ;0x22 - Middle counter (tens)
  00000023            00016         counter3        ;0x23 - Least significant counter (units)
  00000024            00017         w_temp          ;0x24 - temporary W
  00000025            00018         status_temp     ;0x25 - temporary STATUS
                      00019     endc
                      00020 
                      00021     ;Reset Vector
                      00022     org     0x0000          
0000   2???           00023     goto    SETUP
                      00024     
                      00025     ;Interruption Vector
                      00026     org     0x0004  
                      00027     
                      00028     ;Store context
0004   00A4           00029     movwf w_temp        ;Store W in w_temp
0005   0E03           00030     swapf STATUS,W        
0006   00A5           00031     movwf status_temp   ;Store Status in status_temp
                      00032 
0007   188B           00033     BTFSC INTCON, INTF  
0008   2???           00034     call INT_INT        ;External interrupt
0009   180B           00035     BTFSC INTCON, RBIF
000A   2???           00036     call INT_RB         ;State change interrupt
                      00037 
                      00038     ;Restore context
000B   0E25           00039     swapf status_temp,W
000C   0083           00040     movwf STATUS        ;Restore States
000D   0EA4           00041     swapf w_temp, F
000E   0E24           00042     swapf w_temp, W     ;Restore W
000F   0009           00043     retfie                    
MPASM 5.63                          MAIN.ASM   10-20-2015  0:20:01         PAGE  2


LOC  OBJECT CODE     LINE SOURCE TEXT
  VALUE

                      00044 ;Every time a button placed in RB0 is pressed, count   
0010                  00045 INT_INT
0010   2???           00046     call INCREMENT
0011   108B           00047     BCF INTCON, INTF    
0012   0008           00048     return
0013                  00049 INT_RB
                      00050     ;Read PORTB
                      00051     ;Every time a button placed in RB4 is pressed, increment
                      00052     ;BTFSC PORTB.4
                      00053     ;call INCREMENT
                      00054     ;Every time a button placed in RB5 is pressed, decrement
                      00055     ;BTFSC PORTB.5
                      00056     ;call DECREMENT
                      00057     ;Every time a button placed in RB6 is pressed, reset
                      00058     ;BTFSC PORTB.5
                      00059     ;call CLEAR
0013   100B           00060     BCF INTCON, RBIF
0014   0008           00061     return
                      00062 
0015                  00063 DECREMENT
0015   03A0           00064     DECF    counter, F      ;Decrement master counter until 0
0016   1D03           00065     BTFSS   STATUS, Z       ;If master counter not reaches 0, skip next address
0017   2???           00066     goto    CLEAR           ;Clear all counters
0018   03A3           00067     DECF    counter3, F     ;Decrement least significant counter until 0
0019   30FF           00068     MOVLW   D'255'          
001A   0223           00069     SUBWF   counter3, W     
001B   1D03           00070     BTFSS   STATUS, Z       ;If counter3 is equal to 255 skip next address
001C   0008           00071     return                  ;Otherwise, return
001D   3009           00072     MOVLW   D'9'
001E   0223           00073     SUBWF   counter3, W     ;Set counter3 to 9
001F   03A2           00074     DECF    counter2, F     ;Decrement middle counter until 10
0020   30FF           00075     MOVLW   D'255'          
0021   0222           00076     SUBWF   counter2, W     
0022   1D03           00077     BTFSS   STATUS, Z       ;If counter2 is equal to 255 skip next address
0023   0008           00078     return                  ;Otherwise, return
0024   3009           00079     MOVLW   D'9'
0025   0222           00080     SUBWF   counter2, W     ;Set counter2 to 9
0026   03A1           00081     DECF    counter1, F     ;Decrement most significant counter until 0
0027   0008           00082     return                  ;return
0028                  00083 INCREMENT
0028   0AA0           00084     INCF    counter, F      ;Increment master counter until 255
0029   1D03           00085     BTFSS   STATUS, Z       ;If caused overflow in master counter
002A   2???           00086     goto    CLEAR           ;Clear all counters
002B   0AA3           00087     INCF    counter3, F     ;Increment least significant counter until 10
002C   300A           00088     MOVLW   D'10'           
002D   0223           00089     SUBWF   counter3, W     
002E   1D03           00090     BTFSS   STATUS, Z       ;If counter3 is equal to 10 skip next address
002F   0008           00091     return                  ;Otherwise, return
0030   01A3           00092     CLRF    counter3        ;Reset counter3
0031   0AA2           00093     INCF    counter2, F     ;Increment middle counter until 10
0032   300A           00094     MOVLW   D'10'           
0033   0222           00095     SUBWF   counter2, W     
0034   1D03           00096     BTFSS   STATUS, Z       ;If counter2 is equal to 10 skip next address
MPASM 5.63                          MAIN.ASM   10-20-2015  0:20:01         PAGE  3


LOC  OBJECT CODE     LINE SOURCE TEXT
  VALUE

0035   0008           00097     return                  ;Otherwise, return
0036   01A2           00098     CLRF    counter2        ;Reset counter2
0037   0AA1           00099     INCF    counter1, F     ;Increment most significant counter
0038   0008           00100     return                  ;return
0039                  00101 CLEAR
0039   01A0           00102     CLRF counter            ;Reset all counters
003A   01A1           00103     CLRF counter1           
003B   01A2           00104     CLRF counter2
003C   01A3           00105     CLRF counter3
003D   0008           00106     return                  ;return
                      00107     
003E                  00108 SETUP    
003E   1283 1303      00109     BANKSEL INTCON
0040   178B           00110     BSF INTCON, GIE
0041   160B           00111     BSF INTCON, INTE
0042   158B           00112     BSF INTCON, RBIE
0043   01A0           00113     CLRF counter
0044   01A1           00114     CLRF counter1
0045   01A2           00115     CLRF counter2
0046   01A3           00116     CLRF counter3
                      00117    
0047                  00118 MAIN
0047   2???           00119     goto $
3F72                  00120     end
MPASM 5.63                          MAIN.ASM   10-20-2015  0:20:01         PAGE  4


SYMBOL TABLE
  LABEL                             VALUE 

ACKDT                             00000005
ACKEN                             00000004
ACKSTAT                           00000006
ADCON0                            0000001F
ADCON1                            0000009F
ADCS0                             00000006
ADCS1                             00000007
ADCS2                             00000006
ADDEN                             00000003
ADFM                              00000007
ADIE                              00000006
ADIF                              00000006
ADON                              00000000
ADRESH                            0000001E
ADRESL                            0000009E
BCLIE                             00000003
BCLIF                             00000003
BF                                00000000
BRGH                              00000002
C                                 00000000
C1INV                             00000004
C1OUT                             00000006
C2INV                             00000005
C2OUT                             00000007
CCP1CON                           00000017
CCP1IE                            00000002
CCP1IF                            00000002
CCP1M0                            00000000
CCP1M1                            00000001
CCP1M2                            00000002
CCP1M3                            00000003
CCP1X                             00000005
CCP1Y                             00000004
CCP2CON                           0000001D
CCP2IE                            00000000
CCP2IF                            00000000
CCP2M0                            00000000
CCP2M1                            00000001
CCP2M2                            00000002
CCP2M3                            00000003
CCP2X                             00000005
CCP2Y                             00000004
CCPR1                             00000015
CCPR1H                            00000016
CCPR1L                            00000015
CCPR2                             0000001B
CCPR2H                            0000001C
CCPR2L                            0000001B
CHS0                              00000003
CHS1                              00000004
CHS2                              00000005
CIS                               00000003
CKE                               00000006
MPASM 5.63                          MAIN.ASM   10-20-2015  0:20:01         PAGE  5


SYMBOL TABLE
  LABEL                             VALUE 

CKP                               00000004
CLEAR                             00000039
CM0                               00000000
CM1                               00000001
CM2                               00000002
CMCON                             0000009C
CMIE                              00000006
CMIF                              00000006
CREN                              00000004
CSRC                              00000007
CVR0                              00000000
CVR1                              00000001
CVR2                              00000002
CVR3                              00000003
CVRCON                            0000009D
CVREN                             00000007
CVROE                             00000006
CVRR                              00000005
D                                 00000005
DATA_ADDRESS                      00000005
DC                                00000001
DECREMENT                         00000015
D_A                               00000005
D_NOT_A                           00000005
EEADR                             0000010D
EEADRH                            0000010F
EECON1                            0000018C
EECON2                            0000018D
EEDATA                            0000010C
EEDATH                            0000010E
EEIE                              00000004
EEIF                              00000004
EEPGD                             00000007
F                                 00000001
FERR                              00000002
FSR                               00000004
GCEN                              00000007
GIE                               00000007
GO                                00000002
GO_DONE                           00000002
GO_NOT_DONE                       00000002
I2C_DATA                          00000005
I2C_READ                          00000002
I2C_START                         00000003
I2C_STOP                          00000004
IBF                               00000007
IBOV                              00000005
INCREMENT                         00000028
INDF                              00000000
INTCON                            0000000B
INTE                              00000004
INTEDG                            00000006
INTF                              00000001
MPASM 5.63                          MAIN.ASM   10-20-2015  0:20:01         PAGE  6


SYMBOL TABLE
  LABEL                             VALUE 

INT_INT                           00000010
INT_RB                            00000013
IRP                               00000007
MAIN                              00000047
NOT_A                             00000005
NOT_ADDRESS                       00000005
NOT_BO                            00000000
NOT_BOR                           00000000
NOT_DONE                          00000002
NOT_PD                            00000003
NOT_POR                           00000001
NOT_RBPU                          00000007
NOT_RC8                           00000006
NOT_T1SYNC                        00000002
NOT_TO                            00000004
NOT_TX8                           00000006
NOT_W                             00000002
NOT_WRITE                         00000002
OBF                               00000006
OERR                              00000001
OPTION_REG                        00000081
P                                 00000004
PCFG0                             00000000
PCFG1                             00000001
PCFG2                             00000002
PCFG3                             00000003
PCL                               00000002
PCLATH                            0000000A
PCON                              0000008E
PEIE                              00000006
PEN                               00000002
PIE1                              0000008C
PIE2                              0000008D
PIR1                              0000000C
PIR2                              0000000D
PORTA                             00000005
PORTB                             00000006
PORTC                             00000007
PORTD                             00000008
PORTE                             00000009
PR2                               00000092
PS0                               00000000
PS1                               00000001
PS2                               00000002
PSA                               00000003
PSPIE                             00000007
PSPIF                             00000007
PSPMODE                           00000004
R                                 00000002
RA0                               00000000
RA1                               00000001
RA2                               00000002
RA3                               00000003
MPASM 5.63                          MAIN.ASM   10-20-2015  0:20:01         PAGE  7


SYMBOL TABLE
  LABEL                             VALUE 

RA4                               00000004
RA5                               00000005
RB0                               00000000
RB1                               00000001
RB2                               00000002
RB3                               00000003
RB4                               00000004
RB5                               00000005
RB6                               00000006
RB7                               00000007
RBIE                              00000003
RBIF                              00000000
RC0                               00000000
RC1                               00000001
RC2                               00000002
RC3                               00000003
RC4                               00000004
RC5                               00000005
RC6                               00000006
RC7                               00000007
RC8_9                             00000006
RC9                               00000006
RCD8                              00000000
RCEN                              00000003
RCIE                              00000005
RCIF                              00000005
RCREG                             0000001A
RCSTA                             00000018
RD                                00000000
RD0                               00000000
RD1                               00000001
RD2                               00000002
RD3                               00000003
RD4                               00000004
RD5                               00000005
RD6                               00000006
RD7                               00000007
RE0                               00000000
RE1                               00000001
RE2                               00000002
READ_WRITE                        00000002
RP0                               00000005
RP1                               00000006
RSEN                              00000001
RX9                               00000006
RX9D                              00000000
R_NOT_W                           00000002
R_W                               00000002
S                                 00000003
SEN                               00000000
SETUP                             0000003E
SMP                               00000007
SPBRG                             00000099
MPASM 5.63                          MAIN.ASM   10-20-2015  0:20:01         PAGE  8


SYMBOL TABLE
  LABEL                             VALUE 

SPEN                              00000007
SREN                              00000005
SSPADD                            00000093
SSPBUF                            00000013
SSPCON                            00000014
SSPCON2                           00000091
SSPEN                             00000005
SSPIE                             00000003
SSPIF                             00000003
SSPM0                             00000000
SSPM1                             00000001
SSPM2                             00000002
SSPM3                             00000003
SSPOV                             00000006
SSPSTAT                           00000094
STATUS                            00000003
SYNC                              00000004
T0CS                              00000005
T0IE                              00000005
T0IF                              00000002
T0SE                              00000004
T1CKPS0                           00000004
T1CKPS1                           00000005
T1CON                             00000010
T1INSYNC                          00000002
T1OSCEN                           00000003
T1SYNC                            00000002
T2CKPS0                           00000000
T2CKPS1                           00000001
T2CON                             00000012
TMR0                              00000001
TMR0IE                            00000005
TMR0IF                            00000002
TMR1                              0000000E
TMR1CS                            00000001
TMR1H                             0000000F
TMR1IE                            00000000
TMR1IF                            00000000
TMR1L                             0000000E
TMR1ON                            00000000
TMR2                              00000011
TMR2IE                            00000001
TMR2IF                            00000001
TMR2ON                            00000002
TOUTPS0                           00000003
TOUTPS1                           00000004
TOUTPS2                           00000005
TOUTPS3                           00000006
TRISA                             00000085
TRISA0                            00000000
TRISA1                            00000001
TRISA2                            00000002
TRISA3                            00000003
MPASM 5.63                          MAIN.ASM   10-20-2015  0:20:01         PAGE  9


SYMBOL TABLE
  LABEL                             VALUE 

TRISA4                            00000004
TRISA5                            00000005
TRISB                             00000086
TRISB0                            00000000
TRISB1                            00000001
TRISB2                            00000002
TRISB3                            00000003
TRISB4                            00000004
TRISB5                            00000005
TRISB6                            00000006
TRISB7                            00000007
TRISC                             00000087
TRISC0                            00000000
TRISC1                            00000001
TRISC2                            00000002
TRISC3                            00000003
TRISC4                            00000004
TRISC5                            00000005
TRISC6                            00000006
TRISC7                            00000007
TRISD                             00000088
TRISD0                            00000000
TRISD1                            00000001
TRISD2                            00000002
TRISD3                            00000003
TRISD4                            00000004
TRISD5                            00000005
TRISD6                            00000006
TRISD7                            00000007
TRISE                             00000089
TRISE0                            00000000
TRISE1                            00000001
TRISE2                            00000002
TRMT                              00000001
TX8_9                             00000006
TX9                               00000006
TX9D                              00000000
TXD8                              00000000
TXEN                              00000005
TXIE                              00000004
TXIF                              00000004
TXREG                             00000019
TXSTA                             00000098
UA                                00000001
W                                 00000000
WCOL                              00000007
WR                                00000001
WREN                              00000002
WRERR                             00000003
Z                                 00000002
_.org_1_0047                      00000047
_BODEN_OFF                        00003FBF
_BODEN_ON                         00003FFF
MPASM 5.63                          MAIN.ASM   10-20-2015  0:20:01         PAGE 10


SYMBOL TABLE
  LABEL                             VALUE 

_BOREN_OFF                        00003FBF
_BOREN_ON                         00003FFF
_CONFIG                           00002007
_CPD_OFF                          00003FFF
_CPD_ON                           00003EFF
_CP_ALL                           00001FFF
_CP_OFF                           00003FFF
_CP_ON                            00001FFF
_DEBUG_OFF                        00003FFF
_DEBUG_ON                         000037FF
_DEVID1                           00002006
_FOSC_EXTRC                       00003FFF
_FOSC_HS                          00003FFE
_FOSC_LP                          00003FFC
_FOSC_XT                          00003FFD
_HS_OSC                           00003FFE
_IDLOC0                           00002000
_IDLOC1                           00002001
_IDLOC2                           00002002
_IDLOC3                           00002003
_LP_OSC                           00003FFC
_LVP_OFF                          00003F7F
_LVP_ON                           00003FFF
_PWRTE_OFF                        00003FFF
_PWRTE_ON                         00003FF7
_RC_OSC                           00003FFF
_WDTE_OFF                         00003FFB
_WDTE_ON                          00003FFF
_WDT_OFF                          00003FFB
_WDT_ON                           00003FFF
_WRT_1FOURTH                      00003BFF
_WRT_256                          00003DFF
_WRT_HALF                         000039FF
_WRT_OFF                          00003FFF
_XT_OSC                           00003FFD
__16F877A                         00000001
counter                           00000020
counter1                          00000021
counter2                          00000022
counter3                          00000023
status_temp                       00000025
w_temp                            00000024

Errors   :     0
Warnings :     0 reported,     0 suppressed
Messages :     0 reported,     0 suppressed

